{
  "RSpec": {
    "coverage": {
      "/Users/sandiszthieme/turing/3module/projects/sweater-weather/app/controllers/api/v1/books_controller.rb": {
        "lines": [
          1,
          1,
          3,
          3,
          2,
          2,
          null,
          null
        ]
      },
      "/Users/sandiszthieme/turing/3module/projects/sweater-weather/app/facades/location_facade.rb": {
        "lines": [
          1,
          1,
          1,
          3,
          3,
          null,
          null,
          null
        ]
      },
      "/Users/sandiszthieme/turing/3module/projects/sweater-weather/app/services/location_service.rb": {
        "lines": [
          1,
          1,
          1,
          3,
          null,
          null,
          1,
          3,
          null,
          null,
          1,
          3,
          null,
          3,
          null,
          null,
          null,
          1,
          null,
          1,
          3,
          null,
          null,
          null
        ]
      },
      "/Users/sandiszthieme/turing/3module/projects/sweater-weather/app/poros/location.rb": {
        "lines": [
          1,
          1,
          null,
          1,
          3,
          3,
          3,
          3,
          3,
          3,
          3,
          null,
          null
        ]
      },
      "/Users/sandiszthieme/turing/3module/projects/sweater-weather/app/facades/weather_facade.rb": {
        "lines": [
          1,
          1,
          1,
          3,
          null,
          null,
          1,
          3,
          null,
          2,
          null,
          null,
          1,
          0,
          null,
          0,
          0,
          null,
          null,
          null,
          1,
          0,
          null,
          0,
          0,
          null,
          null,
          null,
          null
        ]
      },
      "/Users/sandiszthieme/turing/3module/projects/sweater-weather/app/services/weather_service.rb": {
        "lines": [
          1,
          1,
          1,
          3,
          null,
          null,
          1,
          2,
          null,
          null,
          1,
          3,
          null,
          2,
          null,
          null,
          null,
          1,
          null,
          1,
          3,
          null,
          null,
          null
        ]
      },
      "/Users/sandiszthieme/turing/3module/projects/sweater-weather/app/poros/current_weather.rb": {
        "lines": [
          1,
          1,
          null,
          null,
          null,
          null,
          null,
          null,
          null,
          null,
          null,
          null,
          null,
          null,
          1,
          2,
          2,
          2,
          2,
          2,
          2,
          2,
          2,
          2,
          2,
          2,
          null,
          null
        ]
      },
      "/Users/sandiszthieme/turing/3module/projects/sweater-weather/app/facades/book_facade.rb": {
        "lines": [
          1,
          1,
          1,
          2,
          null,
          2,
          6,
          null,
          null,
          null,
          null
        ]
      },
      "/Users/sandiszthieme/turing/3module/projects/sweater-weather/app/services/book_service.rb": {
        "lines": [
          1,
          1,
          1,
          2,
          null,
          null,
          1,
          2,
          null,
          null,
          1,
          2,
          null,
          2,
          null,
          null,
          null
        ]
      },
      "/Users/sandiszthieme/turing/3module/projects/sweater-weather/app/poros/book.rb": {
        "lines": [
          1,
          1,
          null,
          1,
          6,
          6,
          6,
          null,
          null
        ]
      },
      "/Users/sandiszthieme/turing/3module/projects/sweater-weather/app/serializers/background_serializer.rb": {
        "lines": [
          0,
          0,
          null,
          0,
          0,
          0,
          0,
          0,
          0,
          0,
          0,
          0,
          0,
          0,
          0,
          0,
          0,
          0,
          0
        ],
        "branches": {
        }
      },
      "/Users/sandiszthieme/turing/3module/projects/sweater-weather/app/serializers/weather_serializer.rb": {
        "lines": [
          0,
          0,
          null,
          0,
          0,
          0,
          0,
          0,
          0,
          0,
          0,
          0,
          0,
          0,
          0,
          0,
          0,
          0,
          0,
          0,
          0,
          0,
          0,
          0,
          0,
          0,
          0,
          0,
          0,
          0,
          0,
          0,
          0,
          0,
          0,
          0,
          0,
          0,
          0,
          0,
          0,
          0,
          0,
          0,
          0
        ],
        "branches": {
        }
      },
      "/Users/sandiszthieme/turing/3module/projects/sweater-weather/app/facades/image_facade.rb": {
        "lines": [
          0,
          0,
          0,
          0,
          null,
          0,
          0,
          0,
          null,
          0,
          0,
          0,
          0
        ],
        "branches": {
        }
      },
      "/Users/sandiszthieme/turing/3module/projects/sweater-weather/app/poros/image.rb": {
        "lines": [
          0,
          0,
          null,
          0,
          0,
          0,
          0,
          0,
          0,
          0,
          0,
          0,
          0
        ],
        "branches": {
        }
      },
      "/Users/sandiszthieme/turing/3module/projects/sweater-weather/app/poros/hourly_weather.rb": {
        "lines": [
          0,
          0,
          0,
          0,
          0,
          0,
          null,
          0,
          0,
          0,
          0,
          0,
          0,
          0,
          0
        ],
        "branches": {
        }
      },
      "/Users/sandiszthieme/turing/3module/projects/sweater-weather/app/poros/daily_weather.rb": {
        "lines": [
          0,
          0,
          0,
          0,
          0,
          0,
          0,
          0,
          0,
          null,
          null,
          0,
          0,
          0,
          0,
          0,
          0,
          0,
          0,
          0,
          0,
          0
        ],
        "branches": {
        }
      },
      "/Users/sandiszthieme/turing/3module/projects/sweater-weather/app/controllers/api/v1/backgrounds_controller.rb": {
        "lines": [
          0,
          0,
          0,
          0,
          0,
          0
        ],
        "branches": {
        }
      },
      "/Users/sandiszthieme/turing/3module/projects/sweater-weather/app/controllers/api/v1/weather_controller.rb": {
        "lines": [
          0,
          0,
          null,
          0,
          0,
          0,
          0,
          0,
          0,
          0
        ],
        "branches": {
        }
      },
      "/Users/sandiszthieme/turing/3module/projects/sweater-weather/app/services/image_service.rb": {
        "lines": [
          0,
          0,
          0,
          0,
          0,
          0,
          0,
          0,
          null,
          0,
          0,
          0,
          null,
          0,
          0,
          0,
          0,
          0,
          0
        ],
        "branches": {
        }
      }
    },
    "timestamp": 1655137503
  }
}
